<?xml version="1.0" encoding="UTF-8"?>
<!-- Generated by org.testng.reporters.JUnitXMLReporter -->
<testsuite hostname="CPU1906" name="Default test" tests="13" failures="0" timestamp="12 Apr 2019 12:46:18 GMT" time="0.255" errors="0">
  <testcase name="displayeusers" time="0.014" classname="test.Test1"/>
  <testcase name="displayeusers" time="0.002" classname="test.Test1"/>
  <testcase name="displayeusers" time="0.001" classname="test.Test1"/>
  <testcase name="displayeusers" time="0.0" classname="test.Test1"/>
  <testcase name="displayeusers" time="0.001" classname="test.Test1"/>
  <testcase name="displayeusers" time="0.001" classname="test.Test1"/>
  <testcase name="displayeusers" time="0.002" classname="test.Test1"/>
  <testcase name="displayeusers" time="0.001" classname="test.Test1"/>
  <testcase name="displayeusers" time="0.001" classname="test.Test1"/>
  <testcase name="displayeusers" time="0.003" classname="test.Test1"/>
  <testcase name="displayeusers" time="0.001" classname="test.Test1"/>
  <testcase name="displayeusers" time="0.0" classname="test.Test1"/>
  <testcase name="displayeusers" time="0.001" classname="test.Test1"/>
</testsuite> <!-- Default test -->
