<?xml version="1.0" encoding="UTF-8"?>
<testng-results skipped="0" failed="0" total="13" passed="13">
  <reporter-output>
  </reporter-output>
  <suite name="Default suite" duration-ms="255" started-at="2019-04-12T12:46:18Z" finished-at="2019-04-12T12:46:18Z">
    <groups>
    </groups>
    <test name="Default test" duration-ms="255" started-at="2019-04-12T12:46:18Z" finished-at="2019-04-12T12:46:18Z">
      <class name="test.Test1">
        <test-method status="PASS" signature="displayeusers(java.lang.String, java.lang.String)[pri:0, instance:test.Test1@47fd17e3]" name="displayeusers" duration-ms="14" started-at="2019-04-12T18:16:18Z" data-provider="users" finished-at="2019-04-12T18:16:18Z">
          <params>
            <param index="0">
              <value>
                <![CDATA[username]]>
              </value>
            </param>
            <param index="1">
              <value>
                <![CDATA[password]]>
              </value>
            </param>
          </params>
          <reporter-output>
          </reporter-output>
        </test-method> <!-- displayeusers -->
        <test-method status="PASS" signature="displayeusers(java.lang.String, java.lang.String)[pri:0, instance:test.Test1@47fd17e3]" name="displayeusers" duration-ms="2" started-at="2019-04-12T18:16:18Z" data-provider="users" finished-at="2019-04-12T18:16:18Z">
          <params>
            <param index="0">
              <value>
                <![CDATA[mutturaj1]]>
              </value>
            </param>
            <param index="1">
              <value>
                <![CDATA[hulagabal1]]>
              </value>
            </param>
          </params>
          <reporter-output>
          </reporter-output>
        </test-method> <!-- displayeusers -->
        <test-method status="PASS" signature="displayeusers(java.lang.String, java.lang.String)[pri:0, instance:test.Test1@47fd17e3]" name="displayeusers" duration-ms="1" started-at="2019-04-12T18:16:18Z" data-provider="users" finished-at="2019-04-12T18:16:18Z">
          <params>
            <param index="0">
              <value>
                <![CDATA[mutturaj2]]>
              </value>
            </param>
            <param index="1">
              <value>
                <![CDATA[hulagabal2]]>
              </value>
            </param>
          </params>
          <reporter-output>
          </reporter-output>
        </test-method> <!-- displayeusers -->
        <test-method status="PASS" signature="displayeusers(java.lang.String, java.lang.String)[pri:0, instance:test.Test1@47fd17e3]" name="displayeusers" duration-ms="0" started-at="2019-04-12T18:16:18Z" data-provider="users" finished-at="2019-04-12T18:16:18Z">
          <params>
            <param index="0">
              <value>
                <![CDATA[mutturaj3]]>
              </value>
            </param>
            <param index="1">
              <value>
                <![CDATA[hulagabal3]]>
              </value>
            </param>
          </params>
          <reporter-output>
          </reporter-output>
        </test-method> <!-- displayeusers -->
        <test-method status="PASS" signature="displayeusers(java.lang.String, java.lang.String)[pri:0, instance:test.Test1@47fd17e3]" name="displayeusers" duration-ms="1" started-at="2019-04-12T18:16:18Z" data-provider="users" finished-at="2019-04-12T18:16:18Z">
          <params>
            <param index="0">
              <value>
                <![CDATA[mutturaj4]]>
              </value>
            </param>
            <param index="1">
              <value>
                <![CDATA[hulagabal4]]>
              </value>
            </param>
          </params>
          <reporter-output>
          </reporter-output>
        </test-method> <!-- displayeusers -->
        <test-method status="PASS" signature="displayeusers(java.lang.String, java.lang.String)[pri:0, instance:test.Test1@47fd17e3]" name="displayeusers" duration-ms="1" started-at="2019-04-12T18:16:18Z" data-provider="users" finished-at="2019-04-12T18:16:18Z">
          <params>
            <param index="0">
              <value>
                <![CDATA[mutturaj5]]>
              </value>
            </param>
            <param index="1">
              <value>
                <![CDATA[hulagabal5]]>
              </value>
            </param>
          </params>
          <reporter-output>
          </reporter-output>
        </test-method> <!-- displayeusers -->
        <test-method status="PASS" signature="displayeusers(java.lang.String, java.lang.String)[pri:0, instance:test.Test1@47fd17e3]" name="displayeusers" duration-ms="2" started-at="2019-04-12T18:16:18Z" data-provider="users" finished-at="2019-04-12T18:16:18Z">
          <params>
            <param index="0">
              <value>
                <![CDATA[mutturaj6]]>
              </value>
            </param>
            <param index="1">
              <value>
                <![CDATA[hulagabal6]]>
              </value>
            </param>
          </params>
          <reporter-output>
          </reporter-output>
        </test-method> <!-- displayeusers -->
        <test-method status="PASS" signature="displayeusers(java.lang.String, java.lang.String)[pri:0, instance:test.Test1@47fd17e3]" name="displayeusers" duration-ms="1" started-at="2019-04-12T18:16:18Z" data-provider="users" finished-at="2019-04-12T18:16:18Z">
          <params>
            <param index="0">
              <value>
                <![CDATA[mutturaj7]]>
              </value>
            </param>
            <param index="1">
              <value>
                <![CDATA[hulagabal7]]>
              </value>
            </param>
          </params>
          <reporter-output>
          </reporter-output>
        </test-method> <!-- displayeusers -->
        <test-method status="PASS" signature="displayeusers(java.lang.String, java.lang.String)[pri:0, instance:test.Test1@47fd17e3]" name="displayeusers" duration-ms="1" started-at="2019-04-12T18:16:18Z" data-provider="users" finished-at="2019-04-12T18:16:18Z">
          <params>
            <param index="0">
              <value>
                <![CDATA[mutturaj8]]>
              </value>
            </param>
            <param index="1">
              <value>
                <![CDATA[hulagabal8]]>
              </value>
            </param>
          </params>
          <reporter-output>
          </reporter-output>
        </test-method> <!-- displayeusers -->
        <test-method status="PASS" signature="displayeusers(java.lang.String, java.lang.String)[pri:0, instance:test.Test1@47fd17e3]" name="displayeusers" duration-ms="3" started-at="2019-04-12T18:16:18Z" data-provider="users" finished-at="2019-04-12T18:16:18Z">
          <params>
            <param index="0">
              <value>
                <![CDATA[mutturaj9]]>
              </value>
            </param>
            <param index="1">
              <value>
                <![CDATA[hulagabal9]]>
              </value>
            </param>
          </params>
          <reporter-output>
          </reporter-output>
        </test-method> <!-- displayeusers -->
        <test-method status="PASS" signature="displayeusers(java.lang.String, java.lang.String)[pri:0, instance:test.Test1@47fd17e3]" name="displayeusers" duration-ms="1" started-at="2019-04-12T18:16:18Z" data-provider="users" finished-at="2019-04-12T18:16:18Z">
          <params>
            <param index="0">
              <value>
                <![CDATA[mutturaj10]]>
              </value>
            </param>
            <param index="1">
              <value>
                <![CDATA[hulagabal10]]>
              </value>
            </param>
          </params>
          <reporter-output>
          </reporter-output>
        </test-method> <!-- displayeusers -->
        <test-method status="PASS" signature="displayeusers(java.lang.String, java.lang.String)[pri:0, instance:test.Test1@47fd17e3]" name="displayeusers" duration-ms="0" started-at="2019-04-12T18:16:18Z" data-provider="users" finished-at="2019-04-12T18:16:18Z">
          <params>
            <param index="0">
              <value>
                <![CDATA[mutturaj11]]>
              </value>
            </param>
            <param index="1">
              <value>
                <![CDATA[hulagabal11]]>
              </value>
            </param>
          </params>
          <reporter-output>
          </reporter-output>
        </test-method> <!-- displayeusers -->
        <test-method status="PASS" signature="displayeusers(java.lang.String, java.lang.String)[pri:0, instance:test.Test1@47fd17e3]" name="displayeusers" duration-ms="1" started-at="2019-04-12T18:16:18Z" data-provider="users" finished-at="2019-04-12T18:16:18Z">
          <params>
            <param index="0">
              <value>
                <![CDATA[mutturaj12]]>
              </value>
            </param>
            <param index="1">
              <value>
                <![CDATA[hulagabal12]]>
              </value>
            </param>
          </params>
          <reporter-output>
          </reporter-output>
        </test-method> <!-- displayeusers -->
      </class> <!-- test.Test1 -->
    </test> <!-- Default test -->
  </suite> <!-- Default suite -->
</testng-results>
