<?xml version="1.0" encoding="UTF-8"?>
<!-- Generated by org.testng.reporters.JUnitXMLReporter -->
<testsuite hostname="CPU1906" name="Test" tests="2" failures="1" timestamp="11 Apr 2019 09:10:57 GMT" time="3.411" errors="0">
  <testcase name="checkSometing" time="1.789" classname="test.RestAPITests"/>
  <testcase name="register" time="1.608" classname="test.RestAPITests">
    <failure type="java.lang.AssertionError" message="expected [201] but found [200]">
      <![CDATA[java.lang.AssertionError: expected [201] but found [200]
	at test.RestAPITests.register(RestAPITests.java:70)
... Removed 29 stack frames]]>
    </failure>
  </testcase> <!-- register -->
</testsuite> <!-- Test -->
